2024-09-10 18:34:58,771 INFO o.a.j.u.JMeterUtils: Setting Locale to en_EN
2024-09-10 18:34:58,787 INFO o.a.j.JMeter: Loading user properties from: user.properties
2024-09-10 18:34:58,787 INFO o.a.j.JMeter: Loading system properties from: system.properties
2024-09-10 18:34:58,787 INFO o.a.j.JMeter: Copyright (c) 1998-2024 The Apache Software Foundation
2024-09-10 18:34:58,787 INFO o.a.j.JMeter: Version 5.6.3
2024-09-10 18:34:58,787 INFO o.a.j.JMeter: java.version=21.0.3
2024-09-10 18:34:58,787 INFO o.a.j.JMeter: java.vm.name=Java HotSpot(TM) 64-Bit Server VM
2024-09-10 18:34:58,787 INFO o.a.j.JMeter: os.name=Windows 11
2024-09-10 18:34:58,787 INFO o.a.j.JMeter: os.arch=amd64
2024-09-10 18:34:58,787 INFO o.a.j.JMeter: os.version=10.0
2024-09-10 18:34:58,787 INFO o.a.j.JMeter: file.encoding=UTF-8
2024-09-10 18:34:58,787 INFO o.a.j.JMeter: java.awt.headless=true
2024-09-10 18:34:58,787 INFO o.a.j.JMeter: Max memory     =1073741824
2024-09-10 18:34:58,787 INFO o.a.j.JMeter: Available Processors =8
2024-09-10 18:34:58,803 INFO o.a.j.JMeter: Default Locale=English (EN)
2024-09-10 18:34:58,803 INFO o.a.j.JMeter: JMeter  Locale=English (EN)
2024-09-10 18:34:58,803 INFO o.a.j.JMeter: JMeterHome=C:\Users\amitd\OneDrive\Desktop\apache-jmeter-5.6.3\apache-jmeter-5.6.3
2024-09-10 18:34:58,803 INFO o.a.j.JMeter: user.dir  =C:\Users\amitd\OneDrive\Desktop\apache-jmeter-5.6.3\apache-jmeter-5.6.3\bin
2024-09-10 18:34:58,803 INFO o.a.j.JMeter: PWD       =C:\Users\amitd\OneDrive\Desktop\apache-jmeter-5.6.3\apache-jmeter-5.6.3\bin
2024-09-10 18:34:58,803 INFO o.a.j.JMeter: IP: 192.168.1.249 Name: AmithDas FullName: AmithDas
2024-09-10 18:34:58,819 INFO o.a.j.JMeter: Setting property 'jmeter.reportgenerator.outputdir' to:'C:\Users\amitd\OneDrive\Desktop\Jmeter_work_JMX\Report'
2024-09-10 18:34:58,819 INFO o.a.j.s.FileServer: Default base='C:\Users\amitd\OneDrive\Desktop\apache-jmeter-5.6.3\apache-jmeter-5.6.3\bin'
2024-09-10 18:34:58,819 INFO o.a.j.s.FileServer: Set new base='C:\Users\amitd\OneDrive\Desktop\apache-jmeter-5.6.3\apache-jmeter-5.6.3\bin'
2024-09-10 18:34:58,978 INFO o.a.j.s.SaveService: Testplan (JMX) version: 2.2. Testlog (JTL) version: 2.2
2024-09-10 18:34:59,007 INFO o.a.j.s.SaveService: Using SaveService properties version 5.0
2024-09-10 18:34:59,007 INFO o.a.j.s.SaveService: Using SaveService properties file encoding UTF-8
2024-09-10 18:34:59,007 INFO o.a.j.s.SaveService: Loading file: C:\Users\amitd\OneDrive\Desktop\apache-jmeter-5.6.3\apache-jmeter-5.6.3\bin\sep10.jmx
2024-09-10 18:34:59,039 INFO o.a.j.p.h.c.CookieManager: Settings: Delete null: true Check: true Allow variable: true Save: false Prefix: COOKIE_
2024-09-10 18:34:59,054 INFO o.a.j.p.h.s.HTTPSamplerBase: Parser for text/html is org.apache.jmeter.protocol.http.parser.LagartoBasedHtmlParser
2024-09-10 18:34:59,054 INFO o.a.j.p.h.s.HTTPSamplerBase: Parser for application/xhtml+xml is org.apache.jmeter.protocol.http.parser.LagartoBasedHtmlParser
2024-09-10 18:34:59,054 INFO o.a.j.p.h.s.HTTPSamplerBase: Parser for application/xml is org.apache.jmeter.protocol.http.parser.LagartoBasedHtmlParser
2024-09-10 18:34:59,054 INFO o.a.j.p.h.s.HTTPSamplerBase: Parser for text/xml is org.apache.jmeter.protocol.http.parser.LagartoBasedHtmlParser
2024-09-10 18:34:59,054 INFO o.a.j.p.h.s.HTTPSamplerBase: Parser for text/vnd.wap.wml is org.apache.jmeter.protocol.http.parser.RegexpHTMLParser
2024-09-10 18:34:59,054 INFO o.a.j.p.h.s.HTTPSamplerBase: Parser for text/css is org.apache.jmeter.protocol.http.parser.CssParser
2024-09-10 18:34:59,276 INFO o.a.j.e.KeyToolUtils: keytool found at 'keytool'
2024-09-10 18:34:59,276 INFO o.a.j.p.h.p.ProxyControl: HTTP(S) Test Script Recorder SSL Proxy will use keys that support embedded 3rd party resources in file C:\Users\amitd\OneDrive\Desktop\apache-jmeter-5.6.3\apache-jmeter-5.6.3\bin\proxyserver.jks
2024-09-10 18:34:59,290 INFO o.a.j.JMeter: Creating summariser <summary>
2024-09-10 18:34:59,290 INFO o.a.j.r.d.ReportGenerator: ReportGenerator will use for Parsing the separator: ','
2024-09-10 18:34:59,290 INFO o.a.j.r.d.ReportGenerator: Will generate report at end of test from  results file: C:\Users\amitd\OneDrive\Desktop\Jmeter_work_JMX\sep10.csv
2024-09-10 18:34:59,290 INFO o.a.j.r.d.ReportGenerator: Reading report generator properties from: C:\Users\amitd\OneDrive\Desktop\apache-jmeter-5.6.3\apache-jmeter-5.6.3\bin\reportgenerator.properties
2024-09-10 18:34:59,290 INFO o.a.j.r.d.ReportGenerator: Merging with JMeter properties
2024-09-10 18:34:59,290 INFO o.a.j.r.c.ReportGeneratorConfiguration: Property 'jmeter.reportgenerator.temp_dir' not found, using default value 'temp' instead.
2024-09-10 18:34:59,290 INFO o.a.j.r.c.ReportGeneratorConfiguration: Property 'jmeter.reportgenerator.apdex_per_transaction' not found, using default value 'null' instead.
2024-09-10 18:34:59,290 INFO o.a.j.r.c.ReportGeneratorConfiguration: apdex_per_transaction is empty, not APDEX per transaction customization
2024-09-10 18:34:59,290 INFO o.a.j.r.c.ReportGeneratorConfiguration: Property 'jmeter.reportgenerator.sample_filter' not found, using default value 'null' instead.
2024-09-10 18:34:59,290 INFO o.a.j.r.c.ReportGeneratorConfiguration: Property 'jmeter.reportgenerator.report_title' not found, using default value 'null' instead.
2024-09-10 18:34:59,290 INFO o.a.j.r.c.ReportGeneratorConfiguration: Property 'jmeter.reportgenerator.start_date' not found, using default value 'null' instead.
2024-09-10 18:34:59,290 INFO o.a.j.r.c.ReportGeneratorConfiguration: Property 'jmeter.reportgenerator.end_date' not found, using default value 'null' instead.
2024-09-10 18:34:59,290 INFO o.a.j.r.c.ReportGeneratorConfiguration: Property 'jmeter.reportgenerator.date_format' not found, using default value 'null' instead.
2024-09-10 18:34:59,290 INFO o.a.j.r.c.ReportGeneratorConfiguration: Will use date range start date: null, end date: null
2024-09-10 18:34:59,290 INFO o.a.j.r.c.ReportGeneratorConfiguration: Property 'jmeter.reportgenerator.graph.totalTPS.exclude_controllers' not found, using default value 'false' instead.
2024-09-10 18:34:59,290 INFO o.a.j.r.c.ReportGeneratorConfiguration: Property 'jmeter.reportgenerator.graph.activeThreadsOverTime.exclude_controllers' not found, using default value 'false' instead.
2024-09-10 18:34:59,290 INFO o.a.j.r.c.ReportGeneratorConfiguration: Property 'jmeter.reportgenerator.graph.timeVsThreads.exclude_controllers' not found, using default value 'false' instead.
2024-09-10 18:34:59,306 INFO o.a.j.r.c.ReportGeneratorConfiguration: Property 'jmeter.reportgenerator.graph.responseTimeDistribution.exclude_controllers' not found, using default value 'false' instead.
2024-09-10 18:34:59,306 INFO o.a.j.r.c.ReportGeneratorConfiguration: Property 'jmeter.reportgenerator.graph.transactionsPerSecond.exclude_controllers' not found, using default value 'false' instead.
2024-09-10 18:34:59,306 INFO o.a.j.r.c.ReportGeneratorConfiguration: Property 'jmeter.reportgenerator.graph.responseTimePercentiles.exclude_controllers' not found, using default value 'false' instead.
2024-09-10 18:34:59,306 INFO o.a.j.r.c.ReportGeneratorConfiguration: Property 'jmeter.reportgenerator.graph.responseTimePercentilesOverTime.exclude_controllers' not found, using default value 'false' instead.
2024-09-10 18:34:59,306 INFO o.a.j.r.c.ReportGeneratorConfiguration: Property 'jmeter.reportgenerator.graph.responseTimesOverTime.exclude_controllers' not found, using default value 'false' instead.
2024-09-10 18:34:59,306 INFO o.a.j.r.c.ReportGeneratorConfiguration: Property 'jmeter.reportgenerator.graph.connectTimeOverTime.exclude_controllers' not found, using default value 'false' instead.
2024-09-10 18:34:59,306 INFO o.a.j.r.c.ReportGeneratorConfiguration: Property 'jmeter.reportgenerator.graph.latenciesOverTime.exclude_controllers' not found, using default value 'false' instead.
2024-09-10 18:34:59,306 INFO o.a.j.r.c.ReportGeneratorConfiguration: Property 'jmeter.reportgenerator.exporter.json.filters_only_sample_series' not found, using default value 'true' instead.
2024-09-10 18:34:59,306 INFO o.a.j.r.c.ReportGeneratorConfiguration: Property 'jmeter.reportgenerator.exporter.json.series_filter' not found, using default value '' instead.
2024-09-10 18:34:59,306 INFO o.a.j.r.c.ReportGeneratorConfiguration: Property 'jmeter.reportgenerator.exporter.json.show_controllers_only' not found, using default value 'false' instead.
2024-09-10 18:34:59,306 INFO o.a.j.r.c.ReportGeneratorConfiguration: Property 'jmeter.reportgenerator.exporter.html.filters_only_sample_series' not found, using default value 'true' instead.
2024-09-10 18:34:59,306 INFO o.a.j.r.c.ReportGeneratorConfiguration: Property 'jmeter.reportgenerator.exporter.html.series_filter' not found, using default value '' instead.
2024-09-10 18:34:59,306 INFO o.a.j.r.c.ReportGeneratorConfiguration: Property 'jmeter.reportgenerator.exporter.html.show_controllers_only' not found, using default value 'false' instead.
2024-09-10 18:34:59,306 INFO o.a.j.e.StandardJMeterEngine: Running the test!
2024-09-10 18:34:59,306 INFO o.a.j.s.SampleEvent: List of sample_variables: []
2024-09-10 18:34:59,306 INFO o.a.j.s.SampleEvent: List of sample_variables: []
2024-09-10 18:34:59,322 INFO o.a.j.e.u.CompoundVariable: Note: Function class names must contain the string: '.functions.'
2024-09-10 18:34:59,322 INFO o.a.j.e.u.CompoundVariable: Note: Function class names must not contain the string: '.gui.'
2024-09-10 18:34:59,368 INFO o.a.j.r.ClassFinder: Will scan jar C:\Users\amitd\OneDrive\Desktop\apache-jmeter-5.6.3\apache-jmeter-5.6.3\lib\ext\jmeter-parallel-0.12.jar with filter ExtendsClassFilter [parents=[interface org.apache.jmeter.functions.Function], inner=false, contains=null, notContains=null]. Consider exposing JMeter plugins via META-INF/services, and add JMeter-Skip-Class-Scanning=true manifest attribute so JMeter can skip classfile scanning
2024-09-10 18:34:59,376 INFO o.a.j.r.ClassFinder: Will scan jar C:\Users\amitd\OneDrive\Desktop\apache-jmeter-5.6.3\apache-jmeter-5.6.3\lib\ext\jmeter-plugins-mergeresults-2.1.jar with filter ExtendsClassFilter [parents=[interface org.apache.jmeter.functions.Function], inner=false, contains=null, notContains=null]. Consider exposing JMeter plugins via META-INF/services, and add JMeter-Skip-Class-Scanning=true manifest attribute so JMeter can skip classfile scanning
2024-09-10 18:34:59,376 INFO o.a.j.r.ClassFinder: Will scan jar C:\Users\amitd\OneDrive\Desktop\apache-jmeter-5.6.3\apache-jmeter-5.6.3\lib\ext\jmeter-plugins-functions-2.2.jar with filter ExtendsClassFilter [parents=[interface org.apache.jmeter.functions.Function], inner=false, contains=null, notContains=null]. Consider exposing JMeter plugins via META-INF/services, and add JMeter-Skip-Class-Scanning=true manifest attribute so JMeter can skip classfile scanning
2024-09-10 18:34:59,384 INFO o.a.j.r.ClassFinder: Will scan jar C:\Users\amitd\OneDrive\Desktop\apache-jmeter-5.6.3\apache-jmeter-5.6.3\lib\ext\jmeter-plugins-manager-1.10.jar with filter ExtendsClassFilter [parents=[interface org.apache.jmeter.functions.Function], inner=false, contains=null, notContains=null]. Consider exposing JMeter plugins via META-INF/services, and add JMeter-Skip-Class-Scanning=true manifest attribute so JMeter can skip classfile scanning
2024-09-10 18:34:59,447 INFO o.a.j.r.ClassFinder: Will scan jar C:\Users\amitd\OneDrive\Desktop\apache-jmeter-5.6.3\apache-jmeter-5.6.3\lib\ext\jmeter-plugins-dummy-0.4.jar with filter ExtendsClassFilter [parents=[interface org.apache.jmeter.functions.Function], inner=false, contains=null, notContains=null]. Consider exposing JMeter plugins via META-INF/services, and add JMeter-Skip-Class-Scanning=true manifest attribute so JMeter can skip classfile scanning
2024-09-10 18:34:59,463 INFO o.a.j.r.ClassFinder: Will scan jar C:\Users\amitd\OneDrive\Desktop\apache-jmeter-5.6.3\apache-jmeter-5.6.3\lib\ext\jmeter-plugins-casutg-2.10.jar with filter ExtendsClassFilter [parents=[interface org.apache.jmeter.functions.Function], inner=false, contains=null, notContains=null]. Consider exposing JMeter plugins via META-INF/services, and add JMeter-Skip-Class-Scanning=true manifest attribute so JMeter can skip classfile scanning
2024-09-10 18:34:59,463 INFO o.a.j.r.ClassFinder: Will scan jar C:\Users\amitd\OneDrive\Desktop\apache-jmeter-5.6.3\apache-jmeter-5.6.3\lib\ext\jmeter-plugins-manager-1.10 (1).jar with filter ExtendsClassFilter [parents=[interface org.apache.jmeter.functions.Function], inner=false, contains=null, notContains=null]. Consider exposing JMeter plugins via META-INF/services, and add JMeter-Skip-Class-Scanning=true manifest attribute so JMeter can skip classfile scanning
2024-09-10 18:34:59,463 INFO o.a.j.r.ClassFinder: Will scan jar C:\Users\amitd\OneDrive\Desktop\apache-jmeter-5.6.3\apache-jmeter-5.6.3\lib\ext\jmeter-plugins-perfmon-2.1.jar with filter ExtendsClassFilter [parents=[interface org.apache.jmeter.functions.Function], inner=false, contains=null, notContains=null]. Consider exposing JMeter plugins via META-INF/services, and add JMeter-Skip-Class-Scanning=true manifest attribute so JMeter can skip classfile scanning
2024-09-10 18:34:59,526 INFO o.a.j.JMeter: Running test (1725973499526)
2024-09-10 18:34:59,541 INFO o.a.j.e.StandardJMeterEngine: Starting ThreadGroup: 1 : Thread Group
2024-09-10 18:34:59,541 INFO o.a.j.e.StandardJMeterEngine: Starting 3 threads for group Thread Group.
2024-09-10 18:34:59,541 INFO o.a.j.e.StandardJMeterEngine: Thread will continue on error
2024-09-10 18:34:59,541 INFO o.a.j.t.ThreadGroup: Starting thread group... number=1 threads=3 ramp-up=1 delayedStart=false
2024-09-10 18:34:59,541 INFO o.a.j.t.ThreadGroup: Started thread group number 1
2024-09-10 18:34:59,541 INFO o.a.j.e.StandardJMeterEngine: All thread groups have been started
2024-09-10 18:34:59,592 INFO o.a.j.t.JMeterThread: Thread started: Thread Group 1-1
2024-09-10 18:34:59,594 INFO o.a.j.s.FileServer: Stored: C:/Users/amitd/OneDrive/Desktop/Name.txt
2024-09-10 18:34:59,612 INFO o.a.j.p.h.s.HTTPHCAbstractImpl: Local host = AmithDas
2024-09-10 18:34:59,621 INFO o.a.j.p.h.s.HTTPHC4Impl: HTTP request retry count = 0
2024-09-10 18:34:59,624 INFO o.a.j.s.SampleResult: Note: Sample TimeStamps are START times
2024-09-10 18:34:59,624 INFO o.a.j.s.SampleResult: sampleresult.default.encoding is set to UTF-8
2024-09-10 18:34:59,625 INFO o.a.j.s.SampleResult: sampleresult.useNanoTime=true
2024-09-10 18:34:59,625 INFO o.a.j.s.SampleResult: sampleresult.nanoThreadSleep=5000
2024-09-10 18:34:59,697 INFO o.a.j.p.h.s.h.LazyLayeredConnectionSocketFactory: Setting up HTTPS TrustAll Socket Factory
2024-09-10 18:34:59,704 INFO o.a.j.u.JsseSSLManager: Using default SSL protocol: TLS
2024-09-10 18:34:59,704 INFO o.a.j.u.JsseSSLManager: SSL session context: per-thread
2024-09-10 18:34:59,927 INFO o.a.j.t.JMeterThread: Thread started: Thread Group 1-2
2024-09-10 18:34:59,944 INFO o.a.j.u.SSLManager: JmeterKeyStore Location:  type JKS
2024-09-10 18:34:59,947 INFO o.a.j.u.SSLManager: KeyStore created OK
2024-09-10 18:34:59,947 WARN o.a.j.u.SSLManager: Keystore file not found, loading empty keystore
2024-09-10 18:35:00,260 INFO o.a.j.t.JMeterThread: Thread started: Thread Group 1-3
2024-09-10 18:35:00,641 INFO o.a.j.r.Summariser: summary +      1 in 00:00:01 =    0.9/s Avg:   710 Min:   710 Max:   710 Err:     0 (0.00%) Active: 3 Started: 3 Finished: 0
2024-09-10 18:35:01,339 INFO o.a.j.t.JMeterThread: Thread is done: Thread Group 1-3
2024-09-10 18:35:01,339 INFO o.a.j.t.JMeterThread: Thread finished: Thread Group 1-3
2024-09-10 18:35:02,494 INFO o.a.j.t.JMeterThread: Thread is done: Thread Group 1-2
2024-09-10 18:35:02,494 INFO o.a.j.t.JMeterThread: Thread finished: Thread Group 1-2
2024-09-10 18:35:02,651 INFO o.a.j.t.JMeterThread: Thread is done: Thread Group 1-1
2024-09-10 18:35:02,651 INFO o.a.j.t.JMeterThread: Thread finished: Thread Group 1-1
2024-09-10 18:35:02,651 INFO o.a.j.e.StandardJMeterEngine: Notifying test listeners of end of test
2024-09-10 18:35:02,651 INFO o.a.j.s.FileServer: Close: C:/Users/amitd/OneDrive/Desktop/Name.txt
2024-09-10 18:35:02,651 INFO o.a.j.r.Summariser: summary +     15 in 00:00:02 =    7.5/s Avg:   387 Min:   183 Max:  1346 Err:     0 (0.00%) Active: 0 Started: 3 Finished: 3
2024-09-10 18:35:02,651 INFO o.a.j.r.Summariser: summary =     16 in 00:00:03 =    5.1/s Avg:   407 Min:   183 Max:  1346 Err:     0 (0.00%)
2024-09-10 18:35:02,667 INFO o.a.j.JMeter: Generating Dashboard
2024-09-10 18:35:02,667 INFO o.a.j.r.d.ReportGenerator: Flushing result collector before report Generation
2024-09-10 18:35:02,684 INFO o.a.j.r.p.NormalizerSampleConsumer: Using format, 'ms', to parse timeStamp field
2024-09-10 18:35:02,730 INFO o.a.j.r.p.AbstractSampleConsumer: class org.apache.jmeter.report.processor.AggregateConsumer#stopProducing(): beginDate produced 0 samples
2024-09-10 18:35:02,730 INFO o.a.j.r.p.AbstractSampleConsumer: class org.apache.jmeter.report.processor.AggregateConsumer#stopProducing(): endDate produced 0 samples
2024-09-10 18:35:02,730 INFO o.a.j.r.p.AbstractSampleConsumer: class org.apache.jmeter.report.processor.ApdexSummaryConsumer#stopProducing(): apdexSummary produced 0 samples
2024-09-10 18:35:02,730 INFO o.a.j.r.p.AbstractSampleConsumer: class org.apache.jmeter.report.processor.RequestsSummaryConsumer#stopProducing(): requestsSummary produced 0 samples
2024-09-10 18:35:02,745 INFO o.a.j.r.p.AbstractSampleConsumer: class org.apache.jmeter.report.processor.StatisticsSummaryConsumer#stopProducing(): statisticsSummary produced 0 samples
2024-09-10 18:35:02,745 INFO o.a.j.r.p.AbstractSampleConsumer: class org.apache.jmeter.report.processor.Top5ErrorsBySamplerConsumer#stopProducing(): top5ErrorsBySampler produced 0 samples
2024-09-10 18:35:02,745 INFO o.a.j.r.p.AbstractSampleConsumer: class org.apache.jmeter.report.processor.ErrorsSummaryConsumer#stopProducing(): errorsSummary produced 0 samples
2024-09-10 18:35:02,745 INFO o.a.j.r.p.AbstractSampleConsumer: class org.apache.jmeter.report.processor.graph.impl.HitsPerSecondGraphConsumer#stopProducing(): hitsPerSecond produced 0 samples
2024-09-10 18:35:02,761 INFO o.a.j.r.p.AbstractSampleConsumer: class org.apache.jmeter.report.processor.graph.impl.LatencyVSRequestGraphConsumer#stopProducing(): latencyVsRequest produced 0 samples
2024-09-10 18:35:02,761 INFO o.a.j.r.p.AbstractSampleConsumer: class org.apache.jmeter.report.processor.graph.impl.SyntheticResponseTimeDistributionGraphConsumer#stopProducing(): syntheticResponseTimeDistribution produced 0 samples
2024-09-10 18:35:02,761 INFO o.a.j.r.p.AbstractSampleConsumer: class org.apache.jmeter.report.processor.graph.impl.BytesThroughputGraphConsumer#stopProducing(): bytesThroughputOverTime produced 0 samples
2024-09-10 18:35:02,761 INFO o.a.j.r.p.AbstractSampleConsumer: class org.apache.jmeter.report.processor.graph.impl.CodesPerSecondGraphConsumer#stopProducing(): codesPerSecond produced 0 samples
2024-09-10 18:35:02,777 INFO o.a.j.r.p.AbstractSampleConsumer: class org.apache.jmeter.report.processor.graph.impl.ResponseTimeVSRequestGraphConsumer#stopProducing(): responseTimeVsRequest produced 0 samples
2024-09-10 18:35:02,777 INFO o.a.j.r.p.AbstractSampleConsumer: class org.apache.jmeter.report.processor.FilterConsumer#stopProducing(): startIntervalControlerFilter produced 182 samples
2024-09-10 18:35:02,777 INFO o.a.j.r.p.AbstractSampleConsumer: class org.apache.jmeter.report.processor.graph.impl.TotalTPSGraphConsumer#stopProducing(): totalTPS produced 0 samples
2024-09-10 18:35:02,777 INFO o.a.j.r.p.AbstractSampleConsumer: class org.apache.jmeter.report.processor.graph.impl.ActiveThreadsGraphConsumer#stopProducing(): activeThreadsOverTime produced 0 samples
2024-09-10 18:35:02,777 INFO o.a.j.r.p.AbstractSampleConsumer: class org.apache.jmeter.report.processor.graph.impl.TimeVSThreadGraphConsumer#stopProducing(): timeVsThreads produced 0 samples
2024-09-10 18:35:02,777 INFO o.a.j.r.p.AbstractSampleConsumer: class org.apache.jmeter.report.processor.graph.impl.ResponseTimeDistributionGraphConsumer#stopProducing(): responseTimeDistribution produced 0 samples
2024-09-10 18:35:02,777 INFO o.a.j.r.p.AbstractSampleConsumer: class org.apache.jmeter.report.processor.graph.impl.TransactionsPerSecondGraphConsumer#stopProducing(): transactionsPerSecond produced 0 samples
2024-09-10 18:35:02,777 INFO o.a.j.r.p.AbstractSampleConsumer: class org.apache.jmeter.report.processor.graph.impl.ResponseTimePercentilesGraphConsumer#stopProducing(): responseTimePercentiles produced 0 samples
2024-09-10 18:35:02,777 INFO o.a.j.r.p.AbstractSampleConsumer: class org.apache.jmeter.report.processor.graph.impl.ResponseTimePercentilesOverTimeGraphConsumer#stopProducing(): responseTimePercentilesOverTime produced 0 samples
2024-09-10 18:35:02,784 INFO o.a.j.r.p.AbstractSampleConsumer: class org.apache.jmeter.report.processor.graph.impl.ResponseTimeOverTimeGraphConsumer#stopProducing(): responseTimesOverTime produced 0 samples
2024-09-10 18:35:02,784 INFO o.a.j.r.p.AbstractSampleConsumer: class org.apache.jmeter.report.processor.graph.impl.ConnectTimeOverTimeGraphConsumer#stopProducing(): connectTimeOverTime produced 0 samples
2024-09-10 18:35:02,784 INFO o.a.j.r.p.AbstractSampleConsumer: class org.apache.jmeter.report.processor.graph.impl.LatencyOverTimeGraphConsumer#stopProducing(): latenciesOverTime produced 0 samples
2024-09-10 18:35:02,784 INFO o.a.j.r.p.AbstractSampleConsumer: class org.apache.jmeter.report.processor.FilterConsumer#stopProducing(): nameFilter produced 390 samples
2024-09-10 18:35:02,784 INFO o.a.j.r.p.AbstractSampleConsumer: class org.apache.jmeter.report.processor.FilterConsumer#stopProducing(): dateRangeFilter produced 78 samples
2024-09-10 18:35:02,784 INFO o.a.j.r.p.AbstractSampleConsumer: class org.apache.jmeter.report.processor.NormalizerSampleConsumer#stopProducing(): normalizer produced 26 samples
2024-09-10 18:35:02,784 INFO o.a.j.r.p.CsvFileSampleSource: produce(): 26 samples produced in 70ms on channel 0
2024-09-10 18:35:02,784 INFO o.a.j.r.d.ReportGenerator: Exporting data using exporter:'json' of className:'org.apache.jmeter.report.dashboard.JsonExporter'
2024-09-10 18:35:02,824 INFO o.a.j.r.d.JsonExporter: Found data for consumer statisticsSummary in context
2024-09-10 18:35:02,824 INFO o.a.j.r.d.JsonExporter: Creating statistics for overall
2024-09-10 18:35:02,824 INFO o.a.j.r.d.JsonExporter: Creating statistics for other transactions
2024-09-10 18:35:02,824 INFO o.a.j.r.d.JsonExporter: Checking output folder
2024-09-10 18:35:02,840 INFO o.a.j.r.d.JsonExporter: Writing statistics JSON to C:\Users\amitd\OneDrive\Desktop\Jmeter_work_JMX\Report\statistics.json
2024-09-10 18:35:02,871 INFO o.a.j.r.d.ReportGenerator: Exporting data using exporter:'html' of className:'org.apache.jmeter.report.dashboard.HtmlTemplateExporter'
2024-09-10 18:35:02,871 INFO o.a.j.r.d.HtmlTemplateExporter: Will generate dashboard in folder: C:\Users\amitd\OneDrive\Desktop\Jmeter_work_JMX\Report
2024-09-10 18:35:02,997 INFO o.a.j.r.d.HtmlTemplateExporter: Report will be generated in: C:\Users\amitd\OneDrive\Desktop\Jmeter_work_JMX\Report, creating folder structure
2024-09-10 18:35:02,997 INFO o.a.j.r.d.TemplateVisitor: Copying folder from 'C:\Users\amitd\OneDrive\Desktop\apache-jmeter-5.6.3\apache-jmeter-5.6.3\bin\report-template' to 'C:\Users\amitd\OneDrive\Desktop\Jmeter_work_JMX\Report', got message: C:\Users\amitd\OneDrive\Desktop\Jmeter_work_JMX\Report, found non empty folder with following content [C:\Users\amitd\OneDrive\Desktop\Jmeter_work_JMX\Report\statistics.json], will be ignored
2024-09-10 18:35:03,342 INFO o.a.j.JMeter: Dashboard generated
